0 info it worked if it ends with ok
1 verbose cli [ '/usr/local/bin/node', '/usr/local/bin/npm', 'run', 'start' ]
2 info using npm@4.0.5
3 info using node@v4.6.1
4 verbose run-script [ 'prestart', 'start', 'poststart' ]
5 info lifecycle coreui-react@1.0.0-alpha.6~prestart: coreui-react@1.0.0-alpha.6
6 silly lifecycle coreui-react@1.0.0-alpha.6~prestart: no script for prestart, continuing
7 info lifecycle coreui-react@1.0.0-alpha.6~start: coreui-react@1.0.0-alpha.6
8 verbose lifecycle coreui-react@1.0.0-alpha.6~start: unsafe-perm in lifecycle true
9 verbose lifecycle coreui-react@1.0.0-alpha.6~start: PATH: /usr/local/lib/node_modules/npm/bin/node-gyp-bin:/Users/songyanho/Developer/ask_morgan/web/React_Full_Project/node_modules/.bin:/Users/songyanho/anaconda/bin:/Users/songyanho/Downloads/google-cloud-sdk/bin:/opt/local/bin:/opt/local/sbin:/Library/Frameworks/Python.framework/Versions/3.6/bin:/usr/local/bin:/usr/bin:/bin:/usr/sbin:/sbin:/Users/songyanho/Library/Android/sdk/tools
10 verbose lifecycle coreui-react@1.0.0-alpha.6~start: CWD: /Users/songyanho/Developer/ask_morgan/web/React_Full_Project
11 silly lifecycle coreui-react@1.0.0-alpha.6~start: Args: [ '-c', 'react-scripts start' ]
12 silly lifecycle coreui-react@1.0.0-alpha.6~start: Returned: code: 1  signal: null
13 info lifecycle coreui-react@1.0.0-alpha.6~start: Failed to exec start script
14 verbose stack Error: coreui-react@1.0.0-alpha.6 start: `react-scripts start`
14 verbose stack Exit status 1
14 verbose stack     at EventEmitter.<anonymous> (/usr/local/lib/node_modules/npm/lib/utils/lifecycle.js:279:16)
14 verbose stack     at emitTwo (events.js:87:13)
14 verbose stack     at EventEmitter.emit (events.js:172:7)
14 verbose stack     at ChildProcess.<anonymous> (/usr/local/lib/node_modules/npm/lib/utils/spawn.js:40:14)
14 verbose stack     at emitTwo (events.js:87:13)
14 verbose stack     at ChildProcess.emit (events.js:172:7)
14 verbose stack     at maybeClose (internal/child_process.js:829:16)
14 verbose stack     at Process.ChildProcess._handle.onexit (internal/child_process.js:211:5)
15 verbose pkgid coreui-react@1.0.0-alpha.6
16 verbose cwd /Users/songyanho/Developer/ask_morgan/web/React_Full_Project
17 error Darwin 16.5.0
18 error argv "/usr/local/bin/node" "/usr/local/bin/npm" "run" "start"
19 error node v4.6.1
20 error npm  v4.0.5
21 error code ELIFECYCLE
22 error coreui-react@1.0.0-alpha.6 start: `react-scripts start`
22 error Exit status 1
23 error Failed at the coreui-react@1.0.0-alpha.6 start script 'react-scripts start'.
23 error Make sure you have the latest version of node.js and npm installed.
23 error If you do, this is most likely a problem with the coreui-react package,
23 error not with npm itself.
23 error Tell the author that this fails on your system:
23 error     react-scripts start
23 error You can get information on how to open an issue for this project with:
23 error     npm bugs coreui-react
23 error Or if that isn't available, you can get their info via:
23 error     npm owner ls coreui-react
23 error There is likely additional logging output above.
24 verbose exit [ 1, true ]
